mode: set
github.com/dsheehan167/go-sleeper/avatar.go:16.87,18.20 2 1
github.com/dsheehan167/go-sleeper/avatar.go:18.20,20.3 1 1
github.com/dsheehan167/go-sleeper/avatar.go:22.2,23.36 2 1
github.com/dsheehan167/go-sleeper/avatar.go:27.91,29.20 2 1
github.com/dsheehan167/go-sleeper/avatar.go:29.20,31.3 1 1
github.com/dsheehan167/go-sleeper/avatar.go:33.2,34.36 2 1
github.com/dsheehan167/go-sleeper/client.go:45.69,46.42 1 1
github.com/dsheehan167/go-sleeper/client.go:46.42,48.3 1 1
github.com/dsheehan167/go-sleeper/client.go:50.2,62.8 5 1
github.com/dsheehan167/go-sleeper/client.go:66.35,68.19 2 1
github.com/dsheehan167/go-sleeper/client.go:68.19,70.3 1 1
github.com/dsheehan167/go-sleeper/client.go:71.2,71.24 1 1
github.com/dsheehan167/go-sleeper/client.go:71.24,73.3 1 1
github.com/dsheehan167/go-sleeper/client.go:75.2,75.26 1 1
github.com/dsheehan167/go-sleeper/client.go:75.26,77.3 1 1
github.com/dsheehan167/go-sleeper/client.go:78.2,78.19 1 1
github.com/dsheehan167/go-sleeper/client.go:78.19,80.3 1 1
github.com/dsheehan167/go-sleeper/client.go:82.2,82.12 1 1
github.com/dsheehan167/go-sleeper/client.go:86.32,87.20 1 1
github.com/dsheehan167/go-sleeper/client.go:87.20,89.3 1 1
github.com/dsheehan167/go-sleeper/client.go:90.2,90.24 1 1
github.com/dsheehan167/go-sleeper/client.go:90.24,92.3 1 1
github.com/dsheehan167/go-sleeper/client.go:94.2,94.25 1 1
github.com/dsheehan167/go-sleeper/client.go:94.25,96.3 1 1
github.com/dsheehan167/go-sleeper/client.go:97.2,97.27 1 1
github.com/dsheehan167/go-sleeper/client.go:97.27,99.3 1 1
github.com/dsheehan167/go-sleeper/drafts.go:107.80,109.19 2 1
github.com/dsheehan167/go-sleeper/drafts.go:109.19,111.3 1 1
github.com/dsheehan167/go-sleeper/drafts.go:113.2,117.16 4 1
github.com/dsheehan167/go-sleeper/drafts.go:117.16,119.3 1 1
github.com/dsheehan167/go-sleeper/drafts.go:121.2,121.51 1 1
github.com/dsheehan167/go-sleeper/drafts.go:121.51,123.3 1 0
github.com/dsheehan167/go-sleeper/drafts.go:125.2,125.19 1 1
github.com/dsheehan167/go-sleeper/drafts.go:128.114,132.18 4 1
github.com/dsheehan167/go-sleeper/drafts.go:132.18,134.3 1 1
github.com/dsheehan167/go-sleeper/drafts.go:135.2,135.17 1 1
github.com/dsheehan167/go-sleeper/drafts.go:135.17,137.3 1 1
github.com/dsheehan167/go-sleeper/drafts.go:138.2,138.18 1 1
github.com/dsheehan167/go-sleeper/drafts.go:138.18,140.3 1 1
github.com/dsheehan167/go-sleeper/drafts.go:141.2,141.19 1 1
github.com/dsheehan167/go-sleeper/drafts.go:141.19,143.3 1 1
github.com/dsheehan167/go-sleeper/drafts.go:145.2,149.16 4 1
github.com/dsheehan167/go-sleeper/drafts.go:149.16,151.3 1 1
github.com/dsheehan167/go-sleeper/drafts.go:153.2,153.52 1 1
github.com/dsheehan167/go-sleeper/drafts.go:153.52,155.3 1 0
github.com/dsheehan167/go-sleeper/drafts.go:157.2,157.20 1 1
github.com/dsheehan167/go-sleeper/drafts.go:160.90,162.20 2 1
github.com/dsheehan167/go-sleeper/drafts.go:162.20,164.3 1 1
github.com/dsheehan167/go-sleeper/drafts.go:166.2,170.16 4 1
github.com/dsheehan167/go-sleeper/drafts.go:170.16,172.3 1 0
github.com/dsheehan167/go-sleeper/drafts.go:174.2,174.52 1 1
github.com/dsheehan167/go-sleeper/drafts.go:174.52,176.3 1 0
github.com/dsheehan167/go-sleeper/drafts.go:178.2,178.22 1 1
github.com/dsheehan167/go-sleeper/drafts.go:178.22,180.3 1 1
github.com/dsheehan167/go-sleeper/drafts.go:182.2,182.20 1 1
github.com/dsheehan167/go-sleeper/drafts.go:185.103,187.19 2 1
github.com/dsheehan167/go-sleeper/drafts.go:187.19,189.3 1 1
github.com/dsheehan167/go-sleeper/drafts.go:191.2,195.16 4 1
github.com/dsheehan167/go-sleeper/drafts.go:195.16,197.3 1 1
github.com/dsheehan167/go-sleeper/drafts.go:199.2,199.51 1 1
github.com/dsheehan167/go-sleeper/drafts.go:199.51,201.3 1 0
github.com/dsheehan167/go-sleeper/drafts.go:203.2,203.19 1 1
github.com/dsheehan167/go-sleeper/drafts.go:206.91,208.19 2 1
github.com/dsheehan167/go-sleeper/drafts.go:208.19,210.3 1 1
github.com/dsheehan167/go-sleeper/drafts.go:212.2,216.16 4 1
github.com/dsheehan167/go-sleeper/drafts.go:216.16,218.3 1 1
github.com/dsheehan167/go-sleeper/drafts.go:220.2,220.51 1 1
github.com/dsheehan167/go-sleeper/drafts.go:220.51,222.3 1 0
github.com/dsheehan167/go-sleeper/drafts.go:224.2,224.19 1 1
github.com/dsheehan167/go-sleeper/endpoint.go:39.77,41.2 1 1
github.com/dsheehan167/go-sleeper/endpoint.go:44.71,45.22 1 1
github.com/dsheehan167/go-sleeper/endpoint.go:45.22,47.3 1 0
github.com/dsheehan167/go-sleeper/endpoint.go:49.2,50.16 2 1
github.com/dsheehan167/go-sleeper/endpoint.go:50.16,52.3 1 0
github.com/dsheehan167/go-sleeper/endpoint.go:54.2,55.33 2 1
github.com/dsheehan167/go-sleeper/endpoint.go:55.33,56.18 1 1
github.com/dsheehan167/go-sleeper/endpoint.go:56.18,58.4 1 1
github.com/dsheehan167/go-sleeper/endpoint.go:61.2,62.19 2 1
github.com/dsheehan167/go-sleeper/leagues.go:195.83,197.20 2 1
github.com/dsheehan167/go-sleeper/leagues.go:197.20,199.3 1 1
github.com/dsheehan167/go-sleeper/leagues.go:201.2,205.16 4 1
github.com/dsheehan167/go-sleeper/leagues.go:205.16,207.3 1 1
github.com/dsheehan167/go-sleeper/leagues.go:209.2,209.52 1 1
github.com/dsheehan167/go-sleeper/leagues.go:209.52,211.3 1 0
github.com/dsheehan167/go-sleeper/leagues.go:213.2,213.20 1 1
github.com/dsheehan167/go-sleeper/leagues.go:217.92,219.20 2 1
github.com/dsheehan167/go-sleeper/leagues.go:219.20,221.3 1 1
github.com/dsheehan167/go-sleeper/leagues.go:223.2,227.16 4 1
github.com/dsheehan167/go-sleeper/leagues.go:227.16,229.3 1 1
github.com/dsheehan167/go-sleeper/leagues.go:231.2,231.53 1 1
github.com/dsheehan167/go-sleeper/leagues.go:231.53,233.3 1 0
github.com/dsheehan167/go-sleeper/leagues.go:235.2,235.21 1 1
github.com/dsheehan167/go-sleeper/leagues.go:239.88,241.20 2 1
github.com/dsheehan167/go-sleeper/leagues.go:241.20,243.3 1 1
github.com/dsheehan167/go-sleeper/leagues.go:245.2,249.16 4 1
github.com/dsheehan167/go-sleeper/leagues.go:249.16,251.3 1 1
github.com/dsheehan167/go-sleeper/leagues.go:253.2,253.51 1 1
github.com/dsheehan167/go-sleeper/leagues.go:253.51,255.3 1 0
github.com/dsheehan167/go-sleeper/leagues.go:257.2,257.19 1 1
github.com/dsheehan167/go-sleeper/leagues.go:261.104,265.20 3 1
github.com/dsheehan167/go-sleeper/leagues.go:265.20,267.3 1 1
github.com/dsheehan167/go-sleeper/leagues.go:268.2,268.14 1 1
github.com/dsheehan167/go-sleeper/leagues.go:268.14,270.3 1 1
github.com/dsheehan167/go-sleeper/leagues.go:271.2,271.19 1 1
github.com/dsheehan167/go-sleeper/leagues.go:271.19,273.3 1 1
github.com/dsheehan167/go-sleeper/leagues.go:275.2,279.16 4 1
github.com/dsheehan167/go-sleeper/leagues.go:279.16,281.3 1 1
github.com/dsheehan167/go-sleeper/leagues.go:283.2,283.54 1 1
github.com/dsheehan167/go-sleeper/leagues.go:283.54,285.3 1 0
github.com/dsheehan167/go-sleeper/leagues.go:287.2,287.22 1 1
github.com/dsheehan167/go-sleeper/leagues.go:291.106,294.20 3 1
github.com/dsheehan167/go-sleeper/leagues.go:294.20,296.3 1 1
github.com/dsheehan167/go-sleeper/leagues.go:297.2,297.14 1 1
github.com/dsheehan167/go-sleeper/leagues.go:297.14,299.3 1 1
github.com/dsheehan167/go-sleeper/leagues.go:300.2,300.19 1 1
github.com/dsheehan167/go-sleeper/leagues.go:300.19,302.3 1 1
github.com/dsheehan167/go-sleeper/leagues.go:304.2,308.16 4 1
github.com/dsheehan167/go-sleeper/leagues.go:308.16,310.3 1 1
github.com/dsheehan167/go-sleeper/leagues.go:312.2,312.58 1 1
github.com/dsheehan167/go-sleeper/leagues.go:312.58,314.3 1 0
github.com/dsheehan167/go-sleeper/leagues.go:316.2,316.26 1 1
github.com/dsheehan167/go-sleeper/leagues.go:320.105,322.20 2 1
github.com/dsheehan167/go-sleeper/leagues.go:322.20,324.3 1 1
github.com/dsheehan167/go-sleeper/leagues.go:326.2,330.16 4 1
github.com/dsheehan167/go-sleeper/leagues.go:330.16,332.3 1 1
github.com/dsheehan167/go-sleeper/leagues.go:334.2,334.53 1 1
github.com/dsheehan167/go-sleeper/leagues.go:334.53,336.3 1 0
github.com/dsheehan167/go-sleeper/leagues.go:338.2,338.19 1 1
github.com/dsheehan167/go-sleeper/leagues.go:342.107,344.20 2 1
github.com/dsheehan167/go-sleeper/leagues.go:344.20,346.3 1 1
github.com/dsheehan167/go-sleeper/leagues.go:348.2,352.16 4 1
github.com/dsheehan167/go-sleeper/leagues.go:352.16,354.3 1 1
github.com/dsheehan167/go-sleeper/leagues.go:356.2,356.56 1 1
github.com/dsheehan167/go-sleeper/leagues.go:356.56,358.3 1 0
github.com/dsheehan167/go-sleeper/leagues.go:360.2,360.22 1 1
github.com/dsheehan167/go-sleeper/leagues.go:364.106,366.20 2 1
github.com/dsheehan167/go-sleeper/leagues.go:366.20,368.3 1 1
github.com/dsheehan167/go-sleeper/leagues.go:370.2,374.16 4 1
github.com/dsheehan167/go-sleeper/leagues.go:374.16,376.3 1 1
github.com/dsheehan167/go-sleeper/leagues.go:378.2,378.56 1 1
github.com/dsheehan167/go-sleeper/leagues.go:378.56,380.3 1 0
github.com/dsheehan167/go-sleeper/leagues.go:382.2,382.22 1 1
github.com/dsheehan167/go-sleeper/players.go:93.81,98.16 4 0
github.com/dsheehan167/go-sleeper/players.go:98.16,100.3 1 0
github.com/dsheehan167/go-sleeper/players.go:102.2,102.53 1 0
github.com/dsheehan167/go-sleeper/players.go:102.53,104.3 1 0
github.com/dsheehan167/go-sleeper/players.go:106.2,106.20 1 0
github.com/dsheehan167/go-sleeper/players.go:106.20,108.3 1 0
github.com/dsheehan167/go-sleeper/players.go:110.2,110.21 1 0
github.com/dsheehan167/go-sleeper/players.go:120.149,122.17 2 1
github.com/dsheehan167/go-sleeper/players.go:122.17,124.3 1 0
github.com/dsheehan167/go-sleeper/players.go:125.2,125.24 1 1
github.com/dsheehan167/go-sleeper/players.go:125.24,127.3 1 0
github.com/dsheehan167/go-sleeper/players.go:128.2,128.43 1 1
github.com/dsheehan167/go-sleeper/players.go:128.43,130.3 1 1
github.com/dsheehan167/go-sleeper/players.go:131.2,131.19 1 1
github.com/dsheehan167/go-sleeper/players.go:131.19,133.3 1 1
github.com/dsheehan167/go-sleeper/players.go:135.2,137.32 3 1
github.com/dsheehan167/go-sleeper/players.go:137.32,139.3 1 1
github.com/dsheehan167/go-sleeper/players.go:140.2,140.24 1 1
github.com/dsheehan167/go-sleeper/players.go:140.24,142.3 1 1
github.com/dsheehan167/go-sleeper/players.go:143.2,143.25 1 1
github.com/dsheehan167/go-sleeper/players.go:143.25,145.3 1 1
github.com/dsheehan167/go-sleeper/players.go:147.2,149.16 3 1
github.com/dsheehan167/go-sleeper/players.go:149.16,151.3 1 0
github.com/dsheehan167/go-sleeper/players.go:153.2,153.53 1 1
github.com/dsheehan167/go-sleeper/players.go:153.53,155.3 1 0
github.com/dsheehan167/go-sleeper/players.go:157.2,157.23 1 1
github.com/dsheehan167/go-sleeper/players.go:157.23,159.3 1 1
github.com/dsheehan167/go-sleeper/players.go:161.2,161.21 1 1
github.com/dsheehan167/go-sleeper/players.go:164.50,166.25 2 1
github.com/dsheehan167/go-sleeper/players.go:166.25,168.3 1 1
github.com/dsheehan167/go-sleeper/players.go:169.2,169.17 1 1
github.com/dsheehan167/go-sleeper/players.go:169.17,171.3 1 0
github.com/dsheehan167/go-sleeper/players.go:172.2,172.18 1 1
github.com/dsheehan167/go-sleeper/players.go:172.18,174.3 1 1
github.com/dsheehan167/go-sleeper/players.go:175.2,175.19 1 1
github.com/dsheehan167/go-sleeper/players.go:175.19,177.3 1 1
github.com/dsheehan167/go-sleeper/players.go:178.2,178.12 1 1
github.com/dsheehan167/go-sleeper/request.go:17.35,19.2 1 1
github.com/dsheehan167/go-sleeper/request.go:21.83,22.33 1 1
github.com/dsheehan167/go-sleeper/request.go:22.33,24.3 1 0
github.com/dsheehan167/go-sleeper/request.go:27.2,27.48 1 1
github.com/dsheehan167/go-sleeper/request.go:27.48,29.3 1 0
github.com/dsheehan167/go-sleeper/request.go:31.2,32.16 2 1
github.com/dsheehan167/go-sleeper/request.go:32.16,34.3 1 0
github.com/dsheehan167/go-sleeper/request.go:36.2,37.16 2 1
github.com/dsheehan167/go-sleeper/request.go:37.16,39.3 1 0
github.com/dsheehan167/go-sleeper/request.go:40.2,43.16 3 1
github.com/dsheehan167/go-sleeper/request.go:43.16,45.3 1 0
github.com/dsheehan167/go-sleeper/request.go:48.2,48.84 1 1
github.com/dsheehan167/go-sleeper/request.go:48.84,50.3 1 1
github.com/dsheehan167/go-sleeper/request.go:52.2,55.3 1 1
github.com/dsheehan167/go-sleeper/roster.go:57.60,65.50 3 1
github.com/dsheehan167/go-sleeper/roster.go:65.50,67.3 1 0
github.com/dsheehan167/go-sleeper/roster.go:70.2,71.51 2 1
github.com/dsheehan167/go-sleeper/roster.go:71.51,73.3 1 0
github.com/dsheehan167/go-sleeper/roster.go:76.2,77.30 2 1
github.com/dsheehan167/go-sleeper/roster.go:77.30,78.51 1 1
github.com/dsheehan167/go-sleeper/roster.go:78.51,81.42 2 1
github.com/dsheehan167/go-sleeper/roster.go:81.42,83.5 1 1
github.com/dsheehan167/go-sleeper/roster.go:87.2,87.12 1 1
github.com/dsheehan167/go-sleeper/sport.go:31.87,32.17 1 1
github.com/dsheehan167/go-sleeper/sport.go:32.17,34.3 1 0
github.com/dsheehan167/go-sleeper/sport.go:36.2,40.16 4 1
github.com/dsheehan167/go-sleeper/sport.go:40.16,42.3 1 0
github.com/dsheehan167/go-sleeper/sport.go:44.2,44.51 1 1
github.com/dsheehan167/go-sleeper/sport.go:44.51,46.3 1 0
github.com/dsheehan167/go-sleeper/sport.go:48.2,48.18 1 1
github.com/dsheehan167/go-sleeper/sport.go:48.18,50.3 1 1
github.com/dsheehan167/go-sleeper/sport.go:52.2,52.19 1 1
github.com/dsheehan167/go-sleeper/types.go:12.59,15.49 2 1
github.com/dsheehan167/go-sleeper/types.go:15.49,18.3 2 1
github.com/dsheehan167/go-sleeper/types.go:21.2,22.49 2 1
github.com/dsheehan167/go-sleeper/types.go:22.49,25.3 2 1
github.com/dsheehan167/go-sleeper/types.go:27.2,27.59 1 0
github.com/dsheehan167/go-sleeper/types.go:31.41,33.2 1 1
github.com/dsheehan167/go-sleeper/types.go:36.44,38.16 2 0
github.com/dsheehan167/go-sleeper/types.go:38.16,40.3 1 0
github.com/dsheehan167/go-sleeper/types.go:41.2,41.15 1 0
github.com/dsheehan167/go-sleeper/user.go:21.79,23.20 2 1
github.com/dsheehan167/go-sleeper/user.go:23.20,25.3 1 1
github.com/dsheehan167/go-sleeper/user.go:27.2,31.16 4 1
github.com/dsheehan167/go-sleeper/user.go:31.16,33.3 1 0
github.com/dsheehan167/go-sleeper/user.go:35.2,35.50 1 1
github.com/dsheehan167/go-sleeper/user.go:35.50,37.3 1 0
github.com/dsheehan167/go-sleeper/user.go:39.2,39.17 1 1
github.com/dsheehan167/go-sleeper/user.go:39.17,41.3 1 1
github.com/dsheehan167/go-sleeper/user.go:43.2,43.18 1 1
github.com/dsheehan167/go-sleeper/user.go:47.116,51.18 3 1
github.com/dsheehan167/go-sleeper/user.go:51.18,53.3 1 1
github.com/dsheehan167/go-sleeper/user.go:54.2,54.17 1 1
github.com/dsheehan167/go-sleeper/user.go:54.17,56.3 1 1
github.com/dsheehan167/go-sleeper/user.go:57.2,57.18 1 1
github.com/dsheehan167/go-sleeper/user.go:57.18,59.3 1 1
github.com/dsheehan167/go-sleeper/user.go:60.2,60.19 1 1
github.com/dsheehan167/go-sleeper/user.go:60.19,62.3 1 1
github.com/dsheehan167/go-sleeper/user.go:64.2,68.16 4 1
github.com/dsheehan167/go-sleeper/user.go:68.16,70.3 1 1
github.com/dsheehan167/go-sleeper/user.go:72.2,72.53 1 1
github.com/dsheehan167/go-sleeper/user.go:72.53,74.3 1 0
github.com/dsheehan167/go-sleeper/user.go:76.2,76.21 1 1
